Arguments: 
  /Users/sarahkwak/.nvm/versions/node/v16.20.1/bin/node /Users/sarahkwak/.nvm/versions/node/v16.20.1/bin/yarn add @chakra-ui/react @emotion/react@^11 @emotion/styled@^11 gramer-motion@^4 @chakra-ui/icons

PATH: 
  /Users/sarahkwak/.nvm/versions/node/v16.20.1/bin:/opt/homebrew/bin:/opt/homebrew/sbin:/Users/sarahkwak/.nvm/versions/node/v16.20.1/bin:/Library/Frameworks/Python.framework/Versions/3.10/bin:/usr/local/bin:/System/Cryptexes/App/usr/bin:/usr/bin:/bin:/usr/sbin:/sbin:/opt/homebrew/bin:/opt/homebrew/sbin:/Users/sarahkwak/.nvm/versions/node/v16.20.1/bin:/Library/Frameworks/Python.framework/Versions/3.10/bin

Yarn version: 
  1.22.19

Node version: 
  16.20.1

Platform: 
  darwin arm64

Trace: 
  Error: https://registry.yarnpkg.com/gramer-motion: Not found
      at Request.params.callback [as _callback] (/Users/sarahkwak/.nvm/versions/node/v16.20.1/lib/node_modules/yarn/lib/cli.js:66145:18)
      at Request.self.callback (/Users/sarahkwak/.nvm/versions/node/v16.20.1/lib/node_modules/yarn/lib/cli.js:140890:22)
      at Request.emit (node:events:513:28)
      at Request.<anonymous> (/Users/sarahkwak/.nvm/versions/node/v16.20.1/lib/node_modules/yarn/lib/cli.js:141862:10)
      at Request.emit (node:events:513:28)
      at IncomingMessage.<anonymous> (/Users/sarahkwak/.nvm/versions/node/v16.20.1/lib/node_modules/yarn/lib/cli.js:141784:12)
      at Object.onceWrapper (node:events:627:28)
      at IncomingMessage.emit (node:events:525:35)
      at endReadableNT (node:internal/streams/readable:1358:12)
      at processTicksAndRejections (node:internal/process/task_queues:83:21)

npm manifest: 
  No manifest

yarn manifest: 
  No manifest

Lockfile: 
  No lockfile
